mode: set
golock3r/server/generator/password-strength-test.go:7.41,15.23 7 1
golock3r/server/generator/password-strength-test.go:21.2,24.33 4 1
golock3r/server/generator/password-strength-test.go:29.2,29.28 1 1
golock3r/server/generator/password-strength-test.go:34.2,34.27 1 1
golock3r/server/generator/password-strength-test.go:41.2,41.52 1 1
golock3r/server/generator/password-strength-test.go:45.2,45.52 1 1
golock3r/server/generator/password-strength-test.go:49.2,49.52 1 1
golock3r/server/generator/password-strength-test.go:53.2,53.17 1 1
golock3r/server/generator/password-strength-test.go:15.23,17.3 1 1
golock3r/server/generator/password-strength-test.go:17.8,19.3 1 1
golock3r/server/generator/password-strength-test.go:24.33,25.36 1 1
golock3r/server/generator/password-strength-test.go:25.36,27.4 1 1
golock3r/server/generator/password-strength-test.go:29.28,30.36 1 1
golock3r/server/generator/password-strength-test.go:30.36,32.4 1 1
golock3r/server/generator/password-strength-test.go:34.27,36.36 2 1
golock3r/server/generator/password-strength-test.go:36.36,38.4 1 1
golock3r/server/generator/password-strength-test.go:41.52,44.3 1 1
golock3r/server/generator/password-strength-test.go:45.52,48.3 1 1
golock3r/server/generator/password-strength-test.go:49.52,52.3 1 0
golock3r/server/generator/password-generator.go:20.44,26.22 5 1
golock3r/server/generator/password-generator.go:26.22,27.13 1 1
golock3r/server/generator/password-generator.go:27.13,28.28 1 1
golock3r/server/generator/password-generator.go:58.4,58.19 1 1
golock3r/server/generator/password-generator.go:28.28,33.37 4 1
golock3r/server/generator/password-generator.go:47.5,47.27 1 1
golock3r/server/generator/password-generator.go:33.37,35.22 1 1
golock3r/server/generator/password-generator.go:39.6,39.22 1 1
golock3r/server/generator/password-generator.go:35.22,38.7 2 1
golock3r/server/generator/password-generator.go:39.22,44.7 4 1
golock3r/server/generator/password-generator.go:47.27,48.22 1 1
golock3r/server/generator/password-generator.go:51.6,51.22 1 1
golock3r/server/generator/password-generator.go:48.22,50.7 1 1
golock3r/server/generator/password-generator.go:51.22,55.7 3 1
golock3r/server/generator/password-generator.go:59.9,60.28 1 1
golock3r/server/generator/password-generator.go:90.4,90.19 1 1
golock3r/server/generator/password-generator.go:60.28,65.37 4 1
golock3r/server/generator/password-generator.go:79.5,79.27 1 1
golock3r/server/generator/password-generator.go:65.37,67.22 1 1
golock3r/server/generator/password-generator.go:71.6,71.22 1 1
golock3r/server/generator/password-generator.go:67.22,70.7 2 1
golock3r/server/generator/password-generator.go:71.22,76.7 4 1
golock3r/server/generator/password-generator.go:79.27,80.22 1 1
golock3r/server/generator/password-generator.go:83.6,83.22 1 1
golock3r/server/generator/password-generator.go:80.22,82.7 1 1
golock3r/server/generator/password-generator.go:83.22,87.7 3 1
golock3r/server/generator/password-generator.go:92.8,95.3 2 1
golock3r/server/crypt/crypt.go:18.44,24.24 5 1
golock3r/server/crypt/crypt.go:34.2,35.15 2 1
golock3r/server/crypt/crypt.go:43.2,43.15 1 1
golock3r/server/crypt/crypt.go:24.24,27.16 2 1
golock3r/server/crypt/crypt.go:31.3,31.9 1 1
golock3r/server/crypt/crypt.go:27.16,30.4 2 1
golock3r/server/crypt/crypt.go:35.15,36.28 1 1
golock3r/server/crypt/crypt.go:40.3,40.33 1 1
golock3r/server/crypt/crypt.go:36.28,38.4 1 1
golock3r/server/crypt/crypt.go:47.44,49.29 2 1
golock3r/server/crypt/crypt.go:56.2,56.20 1 1
golock3r/server/crypt/crypt.go:49.29,50.27 1 1
golock3r/server/crypt/crypt.go:50.27,51.23 1 1
golock3r/server/crypt/crypt.go:51.23,53.5 1 1
golock3r/server/crypt/crypt.go:60.37,63.29 2 1
golock3r/server/crypt/crypt.go:68.2,68.12 1 1
golock3r/server/crypt/crypt.go:63.29,64.27 1 1
golock3r/server/crypt/crypt.go:64.27,66.4 1 1
golock3r/server/crypt/crypt.go:73.38,76.29 2 1
golock3r/server/crypt/crypt.go:79.2,79.12 1 1
golock3r/server/crypt/crypt.go:76.29,78.3 1 1
golock3r/server/crypt/crypt.go:84.43,91.30 5 1
golock3r/server/crypt/crypt.go:99.2,99.15 1 1
golock3r/server/crypt/crypt.go:91.30,93.16 2 1
golock3r/server/crypt/crypt.go:97.3,97.9 1 1
golock3r/server/crypt/crypt.go:93.16,96.4 2 1
golock3r/server/crypt/crypt.go:104.50,107.26 2 1
golock3r/server/crypt/crypt.go:125.2,125.19 1 1
golock3r/server/crypt/crypt.go:107.26,110.17 2 1
golock3r/server/crypt/crypt.go:114.3,117.57 3 1
golock3r/server/crypt/crypt.go:120.3,123.38 3 1
golock3r/server/crypt/crypt.go:110.17,112.4 1 0
golock3r/server/crypt/crypt.go:117.57,119.4 1 0
golock3r/server/crypt/crypt.go:130.50,132.26 2 1
golock3r/server/crypt/crypt.go:146.2,146.18 1 1
golock3r/server/crypt/crypt.go:132.26,135.17 2 1
golock3r/server/crypt/crypt.go:139.3,144.36 5 1
golock3r/server/crypt/crypt.go:135.17,137.4 1 0
golock3r/server/crypt/crypt.go:151.57,155.2 3 1
golock3r/server/crypt/crypt.go:159.59,163.2 3 1
golock3r/server/authtool/authtool.go:28.47,30.16 2 1
golock3r/server/authtool/authtool.go:36.2,36.14 1 1
golock3r/server/authtool/authtool.go:30.16,32.3 1 0
golock3r/server/authtool/authtool.go:32.8,34.3 1 1
golock3r/server/authtool/authtool.go:42.58,45.16 2 1
golock3r/server/authtool/authtool.go:49.2,53.21 3 1
golock3r/server/authtool/authtool.go:62.2,63.14 2 1
golock3r/server/authtool/authtool.go:45.16,47.3 1 0
golock3r/server/authtool/authtool.go:53.21,54.56 1 1
golock3r/server/authtool/authtool.go:54.56,56.18 2 1
golock3r/server/authtool/authtool.go:56.18,59.5 2 1
golock3r/server/authtool/authtool.go:69.47,71.28 2 1
golock3r/server/authtool/authtool.go:92.2,92.15 1 1
golock3r/server/authtool/authtool.go:71.28,73.3 1 0
golock3r/server/authtool/authtool.go:73.8,77.17 3 1
golock3r/server/authtool/authtool.go:81.3,85.17 3 1
golock3r/server/authtool/authtool.go:77.17,79.4 1 0
golock3r/server/authtool/authtool.go:85.17,87.4 1 0
golock3r/server/authtool/authtool.go:87.9,90.4 2 1
golock3r/server/authtool/authtool.go:98.56,99.27 1 1
golock3r/server/authtool/authtool.go:99.27,101.3 1 1
golock3r/server/authtool/authtool.go:101.8,103.3 1 1
golock3r/server/authtool/authtool.go:110.74,113.16 2 1
golock3r/server/authtool/authtool.go:118.2,124.21 4 1
golock3r/server/authtool/authtool.go:144.2,146.16 2 1
golock3r/server/authtool/authtool.go:154.2,155.13 2 1
golock3r/server/authtool/authtool.go:113.16,116.3 2 0
golock3r/server/authtool/authtool.go:124.21,130.18 4 1
golock3r/server/authtool/authtool.go:130.18,131.34 1 1
golock3r/server/authtool/authtool.go:131.34,133.5 1 1
golock3r/server/authtool/authtool.go:134.9,135.31 1 1
golock3r/server/authtool/authtool.go:135.31,137.5 1 1
golock3r/server/authtool/authtool.go:137.10,139.5 1 1
golock3r/server/authtool/authtool.go:146.16,149.3 2 0
golock3r/server/authtool/authtool.go:149.8,150.31 1 1
golock3r/server/authtool/authtool.go:150.31,152.4 1 1
golock3r/server/authtool/authtool.go:160.39,163.16 2 1
golock3r/server/authtool/authtool.go:167.2,171.21 3 1
golock3r/server/authtool/authtool.go:176.2,176.14 1 1
golock3r/server/authtool/authtool.go:163.16,165.3 1 1
golock3r/server/authtool/authtool.go:171.21,172.56 1 1
golock3r/server/authtool/authtool.go:172.56,174.4 1 1
golock3r/server/authtool/authtool.go:181.54,185.38 3 1
golock3r/server/authtool/authtool.go:185.38,188.3 2 1
golock3r/server/authtool/authtool.go:188.8,190.3 1 1
